/*C3*/SET SCHEMA PUBLIC
CONNECT USER SA
/*C4*/SET SCHEMA PUBLIC
CONNECT USER SA
SET AUTOCOMMIT FALSE
DELETE FROM ENDERECO WHERE CODIGOENDERECO=173
DELETE FROM ENDERECO WHERE CODIGOENDERECO=172
DELETE FROM ENDERECO WHERE CODIGOENDERECO=171
DELETE FROM ENDERECO WHERE CODIGOENDERECO=170
DELETE FROM ENDERECO WHERE CODIGOENDERECO=169
DELETE FROM ENDERECO WHERE CODIGOENDERECO=168
DELETE FROM ENDERECO WHERE CODIGOENDERECO=167
DELETE FROM ENDERECO WHERE CODIGOENDERECO=166
DELETE FROM ENDERECO WHERE CODIGOENDERECO=165
DELETE FROM ENDERECO WHERE CODIGOENDERECO=164
DELETE FROM ENDERECO WHERE CODIGOENDERECO=163
DELETE FROM ENDERECO WHERE CODIGOENDERECO=162
DELETE FROM ENDERECO WHERE CODIGOENDERECO=161
DELETE FROM ENDERECO WHERE CODIGOENDERECO=160
DELETE FROM ENDERECO WHERE CODIGOENDERECO=159
DELETE FROM ENDERECO WHERE CODIGOENDERECO=158
DELETE FROM ENDERECO WHERE CODIGOENDERECO=157
DELETE FROM ENDERECO WHERE CODIGOENDERECO=156
DELETE FROM ENDERECO WHERE CODIGOENDERECO=155
DELETE FROM ENDERECO WHERE CODIGOENDERECO=154
DELETE FROM ENDERECO WHERE CODIGOENDERECO=153
DELETE FROM ENDERECO WHERE CODIGOENDERECO=152
DELETE FROM ENDERECO WHERE CODIGOENDERECO=151
DELETE FROM ENDERECO WHERE CODIGOENDERECO=150
DELETE FROM ENDERECO WHERE CODIGOENDERECO=149
DELETE FROM ENDERECO WHERE CODIGOENDERECO=148
DELETE FROM ENDERECO WHERE CODIGOENDERECO=147
DELETE FROM ENDERECO WHERE CODIGOENDERECO=146
DELETE FROM ENDERECO WHERE CODIGOENDERECO=145
DELETE FROM ENDERECO WHERE CODIGOENDERECO=144
DELETE FROM ENDERECO WHERE CODIGOENDERECO=143
DELETE FROM ENDERECO WHERE CODIGOENDERECO=142
DELETE FROM ENDERECO WHERE CODIGOENDERECO=141
DELETE FROM ENDERECO WHERE CODIGOENDERECO=140
DELETE FROM ENDERECO WHERE CODIGOENDERECO=139
DELETE FROM ENDERECO WHERE CODIGOENDERECO=138
DELETE FROM ENDERECO WHERE CODIGOENDERECO=137
DELETE FROM ENDERECO WHERE CODIGOENDERECO=136
DELETE FROM ENDERECO WHERE CODIGOENDERECO=135
DELETE FROM ENDERECO WHERE CODIGOENDERECO=134
DELETE FROM ENDERECO WHERE CODIGOENDERECO=133
DELETE FROM ENDERECO WHERE CODIGOENDERECO=132
DELETE FROM ENDERECO WHERE CODIGOENDERECO=131
DELETE FROM ENDERECO WHERE CODIGOENDERECO=130
DELETE FROM ENDERECO WHERE CODIGOENDERECO=129
DELETE FROM ENDERECO WHERE CODIGOENDERECO=128
DELETE FROM ENDERECO WHERE CODIGOENDERECO=126
DELETE FROM ENDERECO WHERE CODIGOENDERECO=125
DELETE FROM ENDERECO WHERE CODIGOENDERECO=124
DELETE FROM ENDERECO WHERE CODIGOENDERECO=123
DELETE FROM ENDERECO WHERE CODIGOENDERECO=122
DELETE FROM ENDERECO WHERE CODIGOENDERECO=121
DELETE FROM ENDERECO WHERE CODIGOENDERECO=120
DELETE FROM ENDERECO WHERE CODIGOENDERECO=119
DELETE FROM ENDERECO WHERE CODIGOENDERECO=118
DELETE FROM ENDERECO WHERE CODIGOENDERECO=117
DELETE FROM ENDERECO WHERE CODIGOENDERECO=116
DELETE FROM ENDERECO WHERE CODIGOENDERECO=115
DELETE FROM ENDERECO WHERE CODIGOENDERECO=114
DELETE FROM ENDERECO WHERE CODIGOENDERECO=113
DELETE FROM ENDERECO WHERE CODIGOENDERECO=112
DELETE FROM ENDERECO WHERE CODIGOENDERECO=111
DELETE FROM ENDERECO WHERE CODIGOENDERECO=110
DELETE FROM ENDERECO WHERE CODIGOENDERECO=109
DELETE FROM ENDERECO WHERE CODIGOENDERECO=108
DELETE FROM ENDERECO WHERE CODIGOENDERECO=107
DELETE FROM ENDERECO WHERE CODIGOENDERECO=106
DELETE FROM ENDERECO WHERE CODIGOENDERECO=105
DELETE FROM ENDERECO WHERE CODIGOENDERECO=104
DELETE FROM ENDERECO WHERE CODIGOENDERECO=103
DELETE FROM ENDERECO WHERE CODIGOENDERECO=102
DELETE FROM ENDERECO WHERE CODIGOENDERECO=101
DELETE FROM ENDERECO WHERE CODIGOENDERECO=100
DELETE FROM ENDERECO WHERE CODIGOENDERECO=99
DELETE FROM ENDERECO WHERE CODIGOENDERECO=98
DELETE FROM ENDERECO WHERE CODIGOENDERECO=97
DELETE FROM ENDERECO WHERE CODIGOENDERECO=96
DELETE FROM ENDERECO WHERE CODIGOENDERECO=95
DELETE FROM ENDERECO WHERE CODIGOENDERECO=94
DELETE FROM ENDERECO WHERE CODIGOENDERECO=93
DELETE FROM ENDERECO WHERE CODIGOENDERECO=92
DELETE FROM ENDERECO WHERE CODIGOENDERECO=91
DELETE FROM ENDERECO WHERE CODIGOENDERECO=90
DELETE FROM ENDERECO WHERE CODIGOENDERECO=89
DELETE FROM ENDERECO WHERE CODIGOENDERECO=88
DELETE FROM ENDERECO WHERE CODIGOENDERECO=87
DELETE FROM ENDERECO WHERE CODIGOENDERECO=86
DELETE FROM ENDERECO WHERE CODIGOENDERECO=85
DELETE FROM ENDERECO WHERE CODIGOENDERECO=84
DELETE FROM ENDERECO WHERE CODIGOENDERECO=83
DELETE FROM ENDERECO WHERE CODIGOENDERECO=82
DELETE FROM ENDERECO WHERE CODIGOENDERECO=81
DELETE FROM ENDERECO WHERE CODIGOENDERECO=80
DELETE FROM ENDERECO WHERE CODIGOENDERECO=79
DELETE FROM ENDERECO WHERE CODIGOENDERECO=78
DELETE FROM ENDERECO WHERE CODIGOENDERECO=77
DELETE FROM ENDERECO WHERE CODIGOENDERECO=76
DELETE FROM ENDERECO WHERE CODIGOENDERECO=75
DELETE FROM ENDERECO WHERE CODIGOENDERECO=74
DELETE FROM ENDERECO WHERE CODIGOENDERECO=73
DELETE FROM ENDERECO WHERE CODIGOENDERECO=72
DELETE FROM ENDERECO WHERE CODIGOENDERECO=71
DELETE FROM ENDERECO WHERE CODIGOENDERECO=70
DELETE FROM ENDERECO WHERE CODIGOENDERECO=69
DELETE FROM ENDERECO WHERE CODIGOENDERECO=68
DELETE FROM ENDERECO WHERE CODIGOENDERECO=67
DELETE FROM ENDERECO WHERE CODIGOENDERECO=66
DELETE FROM ENDERECO WHERE CODIGOENDERECO=65
DELETE FROM ENDERECO WHERE CODIGOENDERECO=64
DELETE FROM ENDERECO WHERE CODIGOENDERECO=63
DELETE FROM ENDERECO WHERE CODIGOENDERECO=62
DELETE FROM ENDERECO WHERE CODIGOENDERECO=61
DELETE FROM ENDERECO WHERE CODIGOENDERECO=60
DELETE FROM ENDERECO WHERE CODIGOENDERECO=59
DELETE FROM ENDERECO WHERE CODIGOENDERECO=58
DELETE FROM ENDERECO WHERE CODIGOENDERECO=57
DELETE FROM ENDERECO WHERE CODIGOENDERECO=56
DELETE FROM ENDERECO WHERE CODIGOENDERECO=55
DELETE FROM ENDERECO WHERE CODIGOENDERECO=54
DELETE FROM ENDERECO WHERE CODIGOENDERECO=53
DELETE FROM ENDERECO WHERE CODIGOENDERECO=52
DELETE FROM ENDERECO WHERE CODIGOENDERECO=51
DELETE FROM ENDERECO WHERE CODIGOENDERECO=50
DELETE FROM ENDERECO WHERE CODIGOENDERECO=49
DELETE FROM ENDERECO WHERE CODIGOENDERECO=48
DELETE FROM ENDERECO WHERE CODIGOENDERECO=47
DELETE FROM ENDERECO WHERE CODIGOENDERECO=46
DELETE FROM ENDERECO WHERE CODIGOENDERECO=45
DELETE FROM ENDERECO WHERE CODIGOENDERECO=44
DELETE FROM ENDERECO WHERE CODIGOENDERECO=43
DELETE FROM ENDERECO WHERE CODIGOENDERECO=42
DELETE FROM ENDERECO WHERE CODIGOENDERECO=41
DELETE FROM ENDERECO WHERE CODIGOENDERECO=40
DELETE FROM ENDERECO WHERE CODIGOENDERECO=39
DELETE FROM ENDERECO WHERE CODIGOENDERECO=38
DELETE FROM ENDERECO WHERE CODIGOENDERECO=37
DELETE FROM ENDERECO WHERE CODIGOENDERECO=36
DELETE FROM ENDERECO WHERE CODIGOENDERECO=35
DELETE FROM ENDERECO WHERE CODIGOENDERECO=34
DELETE FROM ENDERECO WHERE CODIGOENDERECO=33
DELETE FROM ENDERECO WHERE CODIGOENDERECO=32
DELETE FROM ENDERECO WHERE CODIGOENDERECO=30
DELETE FROM ENDERECO WHERE CODIGOENDERECO=29
DELETE FROM ENDERECO WHERE CODIGOENDERECO=28
DELETE FROM ENDERECO WHERE CODIGOENDERECO=27
DELETE FROM ENDERECO WHERE CODIGOENDERECO=26
DELETE FROM ENDERECO WHERE CODIGOENDERECO=25
DELETE FROM ENDERECO WHERE CODIGOENDERECO=24
DELETE FROM ENDERECO WHERE CODIGOENDERECO=23
DELETE FROM ENDERECO WHERE CODIGOENDERECO=22
DELETE FROM ENDERECO WHERE CODIGOENDERECO=21
DELETE FROM ENDERECO WHERE CODIGOENDERECO=20
DELETE FROM ENDERECO WHERE CODIGOENDERECO=19
DELETE FROM ENDERECO WHERE CODIGOENDERECO=18
DELETE FROM ENDERECO WHERE CODIGOENDERECO=17
DELETE FROM ENDERECO WHERE CODIGOENDERECO=16
DELETE FROM ENDERECO WHERE CODIGOENDERECO=15
DELETE FROM ENDERECO WHERE CODIGOENDERECO=14
DELETE FROM ENDERECO WHERE CODIGOENDERECO=13
DELETE FROM ENDERECO WHERE CODIGOENDERECO=12
DELETE FROM ENDERECO WHERE CODIGOENDERECO=11
DELETE FROM ENDERECO WHERE CODIGOENDERECO=10
DELETE FROM ENDERECO WHERE CODIGOENDERECO=9
DELETE FROM ENDERECO WHERE CODIGOENDERECO=8
DELETE FROM ENDERECO WHERE CODIGOENDERECO=7
DELETE FROM ENDERECO WHERE CODIGOENDERECO=6
DELETE FROM ENDERECO WHERE CODIGOENDERECO=5
DELETE FROM ENDERECO WHERE CODIGOENDERECO=4
DELETE FROM ENDERECO WHERE CODIGOENDERECO=3
DELETE FROM ENDERECO WHERE CODIGOENDERECO=2
DELETE FROM ENDERECO WHERE CODIGOENDERECO=1
INSERT INTO ENDERECO VALUES(1,'Rua Gustavo Sampaio, 732','apto 802','Leme','Rio de Janeiro','Rio de Janeiro','22010010',TRUE,21)
INSERT INTO ENDERECO VALUES(2,'Rua Gustavo Sampaio 732','atpo. 101','Leme','Rio de Janeiro ','Rio de Janeiro','22010010',TRUE,6)
INSERT INTO ENDERECO VALUES(3,'Rua Gustavo Sampaio,732',' apto 102','Leme','Rio de Janeiro ','Rio de Janeiro','22010010',FALSE,7)
INSERT INTO ENDERECO VALUES(4,'Rua Gustavo Sampaio, 732','apto 201','Leme','Rio de Janeiro ','Rio de Janeiro','22010010',TRUE,8)
INSERT INTO ENDERECO VALUES(5,'Alameda dos Tupiniquis, 535','apto 41','Planalto','S\u00e3o Paulo','Sao Paulo','22010010',FALSE,8)
INSERT INTO ENDERECO VALUES(6,'Av das Americas, 700','bl.i Cj 138 ','Barra da Tijuca','Rio de Janeiro ','Rio de Janeiro','22010010',TRUE,178)
INSERT INTO ENDERECO VALUES(7,'Rua Gustavo Sampaio 732','apto 301','Leme','Rio de Janeiro ','Rio de Janeiro','22010010',FALSE,10)
INSERT INTO ENDERECO VALUES(8,'Rua Gustavo Sampaio 732','apto 301','Leme','Rio de Janeiro ','Rio de Janeiro','22010010',FALSE,10)
INSERT INTO ENDERECO VALUES(9,'Rua Gustavo Sampaio 732','apto 302','Leme','Rio de Janeiro ','Rio de Janeiro','22010010',FALSE,11)
INSERT INTO ENDERECO VALUES(10,'Rua Gustavo Sampaio 732','apto 401','Leme','Rio de Janeiro ','Rio de Janeiro','22010010',FALSE,12)
INSERT INTO ENDERECO VALUES(11,'Rua Gustavo Sampaio 732','apto 402','Leme','Rio de Janeiro ','Rio de Janeiro','22010010',FALSE,13)
INSERT INTO ENDERECO VALUES(12,'Rua Gustavo Sampaio 732','apto 501','Leme','Rio de Janeiro ','Rio de Janeiro','22010010',FALSE,14)
INSERT INTO ENDERECO VALUES(13,'Rua Gustavo Sampaio 732','apto 502','Leme','Rio de Janeiro ','Rio de Janeiro','22010010',FALSE,15)
INSERT INTO ENDERECO VALUES(14,'Rua Gustavo Sampaio 732','apto 601','Leme','Rio de Janeiro ','Rio de Janeiro','22010010',FALSE,16)
INSERT INTO ENDERECO VALUES(15,'Rua Gustavo Sampaio 732','apto 602','Leme','Rio de Janeiro ','Rio de Janeiro','22010010',FALSE,17)
INSERT INTO ENDERECO VALUES(16,'Rua Gustavo Sampaio 732','apto 701','Leme','Rio de Janeiro ','Rio de Janeiro','22010010',FALSE,18)
INSERT INTO ENDERECO VALUES(17,'Rua Gustavo Sampaio 732','apto 702','Leme','Rio de Janeiro ','Rio de Janeiro','22010010',FALSE,19)
INSERT INTO ENDERECO VALUES(18,'Rua Gustavo Sampaio 732','apto 801','Leme','Rio de Janeiro ','Rio de Janeiro','22010010',FALSE,20)
INSERT INTO ENDERECO VALUES(19,'Rua Gustavo Sampaio 732','apto 802','Leme','Rio de Janeiro ','Rio de Janeiro','22010010',FALSE,21)
INSERT INTO ENDERECO VALUES(20,'Rua Gustavo Sampaio 732','apto 901','Leme','Rio de Janeiro ','Rio de Janeiro','22010010',FALSE,22)
INSERT INTO ENDERECO VALUES(21,'Rua Gustavo Sampaio 732','apto 902','Leme','Rio de Janeiro ','Rio de Janeiro','22010010',FALSE,23)
INSERT INTO ENDERECO VALUES(22,'Rua Gustavo Sampaio 732','apto 1001','Leme','Rio de Janeiro ','Rio de Janeiro','22010010',FALSE,24)
INSERT INTO ENDERECO VALUES(23,'Rua Gustavo Sampaio 732','apto 1002','Leme','Rio de Janeiro ','Rio de Janeiro','22010010',FALSE,25)
INSERT INTO ENDERECO VALUES(24,'Rua Gustavo Sampaio 732','apto 1101','Leme','Rio de Janeiro ','Rio de Janeiro','22010010',FALSE,26)
INSERT INTO ENDERECO VALUES(25,'Rua Gustavo Sampaio 732','apto 1102','Leme','Rio de Janeiro ','Rio de Janeiro','22010010',FALSE,27)
INSERT INTO ENDERECO VALUES(26,'Rua Gustavo Sampaio 732','apto 1201','Leme','Rio de Janeiro ','Rio de Janeiro','22010010',FALSE,28)
INSERT INTO ENDERECO VALUES(27,'Rua Gustavo Sampaio 732','apto 1202','Leme','Rio de Janeiro ','Rio de Janeiro','22010010',FALSE,29)
INSERT INTO ENDERECO VALUES(28,'Rua Gustavo Sampaio 732','apto 1301','Leme','Rio de Janeiro ','Rio de Janeiro','22010010',FALSE,30)
INSERT INTO ENDERECO VALUES(29,'Rua Gustavo Sampaio, 732','apto 1302','Leme','Rio de Janeiro ','Rio de Janeiro','22010010',FALSE,31)
INSERT INTO ENDERECO VALUES(30,'Av. Treze de maio 47','grupo 2801','centro','Rio de Janeiro ','Rio de Janeiro','22010010',TRUE,31)
INSERT INTO ENDERECO VALUES(32,'Rua Gustavo Sampaio, 710','apto 102','Leme','Rio de Janeiro','Rio de Janeiro','22010010',FALSE,34)
INSERT INTO ENDERECO VALUES(33,'Rua Gustavo Sampaio 710','apto 103','Leme','Rio de Janeiro','Rio de Janeiro','22010010',FALSE,35)
INSERT INTO ENDERECO VALUES(34,'Rua Gustavo Sampaio 710','apto 201','Leme','Rio de Janeiro','Rio de Janeiro','22010010',FALSE,36)
INSERT INTO ENDERECO VALUES(35,'Rua Gustavo Sampaio 710','apto 202','Leme','Rio de Janeiro','Rio de Janeiro','22010010',FALSE,37)
INSERT INTO ENDERECO VALUES(36,'Rua Gustavo Sampaio 710','apto 203','Leme','Rio de Janeiro','Rio de Janeiro','22010010',FALSE,38)
INSERT INTO ENDERECO VALUES(37,'Rua Gustavo Sampaio 710','apto 203','Leme','Rio de Janeiro','Rio de Janeiro','22010010',FALSE,38)
INSERT INTO ENDERECO VALUES(38,'Rua Gustavo Sampaio, 710','apto 204','Leme','Rio de Janeiro ','Rio de Janeiro','22010010',FALSE,39)
INSERT INTO ENDERECO VALUES(39,'Rua Gustavo Sampaio, 710','apto. 205','Leme ','Rio de Janeiro','Rio de Janeiro','22010010',FALSE,40)
INSERT INTO ENDERECO VALUES(40,'Rua Gustavo Sampaio 710','apto 301','Leme','Rio de Janeiro','Rio de Janeiro','22010010',FALSE,41)
INSERT INTO ENDERECO VALUES(41,'Rua Gustavo Sampaio 710','apto 302','Leme','Rio de Janeiro','Rio de Janeiro','22010010',FALSE,42)
INSERT INTO ENDERECO VALUES(42,'Rua Gustavo Sampaio 710','apto. 303','Leme','Rio de janeiro','Rio de Janeiro','22010010',FALSE,43)
INSERT INTO ENDERECO VALUES(43,'Rua Gustavo Sampaio, 710','apto 304','leme','Rio de Janeiro','Rio de Janeiro','22010010',FALSE,44)
INSERT INTO ENDERECO VALUES(44,'Rua Gustavo  Sampaio 710','apto 305','Leme','Rio de Janeiro','Rio de Janeiro','22010010',FALSE,45)
INSERT INTO ENDERECO VALUES(45,'Rua Gustavo Sampaio, 710 ','apto 401','Leme','Rio de Janeiro','Rio de Janeiro','22010010',FALSE,46)
INSERT INTO ENDERECO VALUES(46,'Rua Gustavo Sampaio, 710','apto 402','Leme','Rio de Janeiro','Rio de Janeiro','22010010',FALSE,47)
INSERT INTO ENDERECO VALUES(47,'Rua Gustavo Sampaio, 710','apto 403','Leme','Rio de janeiro','Rio de Janeiro','22010010',FALSE,48)
INSERT INTO ENDERECO VALUES(48,'Rua Gustavo Sampaio, 710','apto 404','Leme','Rio de Janeiro','Rio de Janeiro','22010010',FALSE,49)
INSERT INTO ENDERECO VALUES(49,'Rua Gustavo Sampaio, 710','apto 405','Leme','Rio de Janeiro','Rio de Janeiro','22010010',FALSE,50)
INSERT INTO ENDERECO VALUES(50,'Rua Gustavo Sampaio, 710','apto 501','Leme','Rio de Janeiro','Rio de Janeiro','22010010',FALSE,51)
INSERT INTO ENDERECO VALUES(51,'Rua Gustavo Sampaio, 710','apto 502','Leme','Rio de Janeiro','Rio de Janeiro','22010010',FALSE,52)
INSERT INTO ENDERECO VALUES(52,'Rua Gustavo Sampaio, 710','apto 503','Leme','Rio de Janeiro','Rio de Janeiro','22010010',FALSE,53)
INSERT INTO ENDERECO VALUES(53,'Rua Carlos Gardel, 201','Casa','Bela Vista','Porto Alegre','Rio Grande do Sul','22010010',FALSE,54)
INSERT INTO ENDERECO VALUES(54,'Rua Gustavo Sampaio, 710','apto 505','Leme','Rio de Janeiro','Rio de Janeiro','22010010',FALSE,55)
INSERT INTO ENDERECO VALUES(55,'Rua Gustavo Sampaio, 710','apto 601','Leme','Rio de Janeiro','Rio de Janeiro','22010010',FALSE,56)
INSERT INTO ENDERECO VALUES(56,'Rua Gustavo Sampaio, 710','apto 602','Leme','Rio de Janeiro','Rio de Janeiro','22010010',FALSE,57)
INSERT INTO ENDERECO VALUES(57,'Rua Gustavo Sampaio, 710','apto 604','Leme','Rio de Janeiro','Rio de Janeiro','22010010',FALSE,59)
INSERT INTO ENDERECO VALUES(58,'Rua Gustavo Sampaio, 710','apto 605','Leme','Rio de janeiro','Rio de Janeiro','22010010',FALSE,60)
INSERT INTO ENDERECO VALUES(59,'Rua gustav Sampaio, 710','apto 701','Leme','Rio de Janeiro ','Rio de Janeiro','22010010',FALSE,61)
INSERT INTO ENDERECO VALUES(60,'Av. Treze de maio 23','17\u00ba andar','Cenrto','Rio de Janeiro','Rio de Janeiro','22010010',FALSE,62)
INSERT INTO ENDERECO VALUES(61,'Rua Gustavo Sampaio, 710','apto. 703','Leme','Rio de Janeiro','Rio de Janeiro','22010010',FALSE,63)
INSERT INTO ENDERECO VALUES(62,'Rua Gustavo Sampaio, 70','apto 703','Leme','Rio de Janeiro','Rio de Janeiro','22010010',FALSE,63)
INSERT INTO ENDERECO VALUES(63,'Av. Treze de maio, 23','17\u00ba andar','Centro','Rio de janeiro','Rio de Janeiro','22010010',TRUE,62)
INSERT INTO ENDERECO VALUES(64,'Rua Gustavo Sampaio, 710','apto 703','Leme','Rio de janeiro','Rio de Janeiro','22010010',FALSE,63)
INSERT INTO ENDERECO VALUES(65,'Rua dos Araujos, 124','apto 501','Centro','Nova Igua\u00e7u','Rio de Janeiro','22010010',TRUE,64)
INSERT INTO ENDERECO VALUES(66,'Rua Gustavo Sampaio, 710','apto 801','Leme','Rio de janeiro','Rio de Janeiro','22010010',FALSE,65)
INSERT INTO ENDERECO VALUES(67,'Rua Gustavo Sampaio, 710','apto 802','Leme','Rio de Janeiro','Rio de Janeiro','22010010',FALSE,66)
INSERT INTO ENDERECO VALUES(68,'Rua Gustavo Sampaio, 710','apto 803','Leme','Rio de Janeiro','Rio de Janeiro','22010010',FALSE,67)
INSERT INTO ENDERECO VALUES(69,'Rua Gustavo Sampaio, 710','apto 804','Leme','Rio de Janeiro','Rio de Janeiro','22010010',FALSE,68)
INSERT INTO ENDERECO VALUES(70,'Rua Gustavo Sampaio, 710','Apto 901','Leme','Rio de Janeiro','Rio de Janeiro','22010010',FALSE,69)
INSERT INTO ENDERECO VALUES(71,'Rua Gustavo Sampaio, 710','apto 902','Leme','Rio de Janeiro','Rio de Janeiro','22010010',FALSE,70)
INSERT INTO ENDERECO VALUES(72,'Rua Gustavo Sampaio, 710 ','apto 903','leme','Rio de Janeiro','Rio de Janeiro','22010010',FALSE,71)
INSERT INTO ENDERECO VALUES(73,'Rua S\u00e3o Jo\u00e3o do Paraiso,184','casa','Sion','Belo Horizonte','Minas Gerais','22010010',TRUE,72)
INSERT INTO ENDERECO VALUES(74,'Rua Gustavo Sampaio, 710','apto 905','Leme','Rio de janeiro ','Rio de Janeiro','22010010',FALSE,73)
INSERT INTO ENDERECO VALUES(75,'Rua Gustavo Sampaio, 710','apto 1001','Leme','Rio de janeiro','Rio de Janeiro','22010010',FALSE,74)
INSERT INTO ENDERECO VALUES(76,'Rua Gustavo Sampaio 710','apto 1002','Leme','Rio de janeiro','Rio de Janeiro','22010010',FALSE,75)
INSERT INTO ENDERECO VALUES(77,'Rua Hil\u00e1rio de gouveia, 66','apto 704','Copacabana','Rio de Janeiro','Rio de Janeiro','22010010',TRUE,76)
INSERT INTO ENDERECO VALUES(78,'Rua Gustavo Sampaio, 710 ','apto 1004','Leme','Rio de janeiro','Rio de Janeiro','22010010',FALSE,77)
INSERT INTO ENDERECO VALUES(79,'Rua Gustavo Sampaio, 710','apto 1005','Leeme','Rio de janeiro','Rio de Janeiro','22010010',FALSE,78)
INSERT INTO ENDERECO VALUES(80,'Rua Gustavo Sampaio, 710','apto 1101','Leme','Rio de Janeiro','Rio de Janeiro','22010010',FALSE,79)
INSERT INTO ENDERECO VALUES(81,'Rua Gustavo Sampaio, 710','apto 1102','Leme','Rio de janeiro','Rio de Janeiro','22010010',FALSE,80)
INSERT INTO ENDERECO VALUES(82,'Rua Gustavo Sampaio, 710 ','apto 1103','Leme','Rio de Janeiro','Rio de Janeiro','22010010',FALSE,81)
INSERT INTO ENDERECO VALUES(83,'Rua Gustavo Sampaio, 710','apto 1104','Leme','Rio de Janeiro','Rio de Janeiro','22010010',FALSE,82)
INSERT INTO ENDERECO VALUES(84,'Av. N.S.Copacabana, 195','apto 401','Copacabana','Rio de Janeiro ','Rio de Janeiro','22010010',FALSE,83)
INSERT INTO ENDERECO VALUES(85,'Rua Gustavo Sampaio, 710','apto. 1201','Leme','Rio de Janeiro','Rio de Janeiro','22010010',FALSE,84)
INSERT INTO ENDERECO VALUES(86,'Rua Gustavo Sampaio, 710','aoti 1202','Leme','Rio de Janeiro','Rio de Janeiro','22010010',FALSE,85)
INSERT INTO ENDERECO VALUES(87,'Rua Gustavo Sampaio, 710','apto 1203','Leme','Rio de  Janeiro','Rio de Janeiro','22010010',FALSE,86)
INSERT INTO ENDERECO VALUES(88,'Rua Gustavo Sampaio, 710','apto 1204','Leme','Rio de Janeiro','Rio de Janeiro','22010010',FALSE,87)
INSERT INTO ENDERECO VALUES(89,'Rua Gustavo Sampaio, 710','apto 1205','Leme','Rio de janeiro','Rio de Janeiro','22010010',FALSE,88)
INSERT INTO ENDERECO VALUES(90,'Rua Gustavo Sampaio, 710 ','apto 1301','Leme','Rio de janeiro','Rio de Janeiro','22010010',FALSE,89)
INSERT INTO ENDERECO VALUES(91,'Rua Gustavo Sampaio, 710 ','apto 1303','Leme','Rio de janeiro','Rio de Janeiro','22010010',FALSE,91)
INSERT INTO ENDERECO VALUES(92,'HIS Q 24 conj. 02','Casa 10','Lago Sul','Bras\u00edlia','Distrito Federal','22010010',TRUE,92)
INSERT INTO ENDERECO VALUES(93,'Rua Gustavo Sampaio, 710','apto 1305','Leme','Rio de Janeiro','Rio de Janeiro','22010010',FALSE,93)
INSERT INTO ENDERECO VALUES(94,'Rua Gustavo Sampaio, 710','apto. 1401','Leme','Rio de Janeiro','Rio de Janeiro','22010010',FALSE,94)
INSERT INTO ENDERECO VALUES(95,'Rua Gustavo Sampaio, 710','apto 1402','Leme','Rio de Janeiro','Rio de Janeiro','22010010',FALSE,95)
INSERT INTO ENDERECO VALUES(96,'Av. Presidente vargas., 590','sala 1707','Cento','Rio de Janeiro','Rio de Janeiro','22010010',TRUE,96)
INSERT INTO ENDERECO VALUES(97,'Rua Gustavo Sampaio, 710 ','apto 1404','Leme','Rio de Janeiro','Rio de Janeiro','22010010',FALSE,97)
INSERT INTO ENDERECO VALUES(98,'Rua Gustavo Sampaio, 710''','apto 1405','Leme','Rio de Janeiro','Rio de Janeiro','22010010',FALSE,98)
INSERT INTO ENDERECO VALUES(99,'Rua Gustavo Sampaio, 710','apto 1501','Leme','Rio de Janeiro','Rio de Janeiro','22010010',FALSE,99)
INSERT INTO ENDERECO VALUES(100,'Rua Gustavo Sampaio, 710','apto 1502','Leme','Rio de Janeiro','Rio de Janeiro','22010010',FALSE,100)
INSERT INTO ENDERECO VALUES(101,'Rua Gustavo Sampaio, 710 ','apto 1503','Leme','Rio de Janeiro','Rio de Janeiro','22010010',FALSE,102)
INSERT INTO ENDERECO VALUES(102,'Av. Almirante barroso, 63','grupo 2415','Centro','Rio de Janeiro','Rio de Janeiro','22010010',FALSE,101)
INSERT INTO ENDERECO VALUES(103,'Rua Gustavo Sampaio, 710','apto 1601','Leme','Rio Janeiro','Rio de Janeiro','22010010',FALSE,104)
INSERT INTO ENDERECO VALUES(104,'Rua Gustavo Sampaio, 710','apto 1602','Leme','Rio de Janeiro','Rio de Janeiro','22010010',FALSE,105)
INSERT INTO ENDERECO VALUES(105,'Rua Gustavo Sampaio, 710','apto. 1603','Leme','Rio de Janeiro','Rio de Janeiro','22010010',FALSE,106)
INSERT INTO ENDERECO VALUES(106,'Rua Gustavo Sampaio, 710 ','apto 1603','Leme','Rio de Janeiro ','Rio de Janeiro','22010010',FALSE,106)
INSERT INTO ENDERECO VALUES(107,'Rua Tom\u00e9 de Souza 291','apto 1001','Funcion\u00e1rios','Belo Horizonte','Minas Gerais','22010010',TRUE,107)
INSERT INTO ENDERECO VALUES(108,'Rua Gustavo Sampaio, 710','apto 1605','Leme','Rio de janeiro','Rio de Janeiro','22010010',FALSE,108)
INSERT INTO ENDERECO VALUES(109,'Rua Pedro Lessa, 35','sala 1301','Centro','Rio de Janeiro','Rio de Janeiro','22010010',TRUE,109)
INSERT INTO ENDERECO VALUES(110,'Rua Gustavo Sampaio, 710','apto 1702','Leme','Rio de janeiro','Rio de Janeiro','22010010',FALSE,110)
INSERT INTO ENDERECO VALUES(111,'Rua Gustavo Sampaio, 710','apto 1703','Leme','Rio de Janeiro','Rio de Janeiro','22010010',FALSE,111)
INSERT INTO ENDERECO VALUES(112,'Rua Gustavo Sampaio, 710','apto 1704','Leme','Rio de janeiro','Rio de Janeiro','22010010',FALSE,112)
INSERT INTO ENDERECO VALUES(113,'Rua Gustavo Sampaio, 710','APTO 1705','LEME','Rio de Janeiro','Rio de Janeiro','22010010',FALSE,113)
INSERT INTO ENDERECO VALUES(114,'Rua Gustavo Sampaio, 710','apto 1801','Leme','Rio de Janeiro','Rio de Janeiro','22010010',FALSE,114)
INSERT INTO ENDERECO VALUES(115,'Rua Gustavo Sampaio, 710','apto 1802','Leme','Rio de Janeiro','Rio de Janeiro','22010010',FALSE,115)
INSERT INTO ENDERECO VALUES(116,'Rua Gustavo Sampaio, 710','apto 1803','Leme','Rio de Janeiro','Rio de Janeiro','22010010',FALSE,116)
INSERT INTO ENDERECO VALUES(117,'Rua Gustavo Sampaio, 710','apto 1804','Leme','Rio de Janeiro','Rio de Janeiro','22010010',FALSE,117)
INSERT INTO ENDERECO VALUES(118,'Rua Gustavo Sampaio, 710','apto 1805','Leme','Rio de Janeiro','Rio de Janeiro','22010010',FALSE,118)
INSERT INTO ENDERECO VALUES(119,'Rua Gustavo Sampaio, 710','apto 1901','Leme','Rio de Janeiro','Rio de Janeiro','22010010',FALSE,119)
INSERT INTO ENDERECO VALUES(120,'Rua Gustavo Sampaio, 710','apto 1902','Leme','Rio de Janeiro','Rio de Janeiro','22010010',FALSE,120)
INSERT INTO ENDERECO VALUES(121,'Rua Gustavo Sampaio, 710','apto 1903','Leme','Rio de Janeiro','Rio de Janeiro','22010010',FALSE,121)
INSERT INTO ENDERECO VALUES(122,'Rua Gustavo Sampaio, 710 ','apto 1904','Leme','Rio de Janeiro','Espirito Santo','22010010',FALSE,122)
INSERT INTO ENDERECO VALUES(123,'Av. Nilo Pe\u00e7anha, 26','sala 901','centro','Rio de Janeiro','Rio de Janeiro','22010010',FALSE,123)
INSERT INTO ENDERECO VALUES(124,'Rua Gustavo Sampaio, 710','apto 2001','Leme','Rio de janeiro','Rio de Janeiro','22010010',FALSE,124)
INSERT INTO ENDERECO VALUES(125,'Rua Gustavo Sampaio, 710','apto 2002','Leme','Rio de Janeiro','Rio de Janeiro','22010010',FALSE,125)
INSERT INTO ENDERECO VALUES(126,'Rua Gustavo Sampaio, 710 ''','apto 2003','Leme','Rio de janeiro','Rio de Janeiro','22010010',FALSE,126)
INSERT INTO ENDERECO VALUES(128,'Rua Gustavo Sampaio, 710','apto 2005','Leme','Rio de Janeiro','Rio de Janeiro','22010010',FALSE,129)
INSERT INTO ENDERECO VALUES(129,'Rua Gustavo Sampaio, 710','apto 2005','Leme','Rio de Janeiro','Rio de Janeiro','22010010',FALSE,129)
INSERT INTO ENDERECO VALUES(130,'Rua Gustavo Sampaio, 710','apto. 2102','Leme','Rio de janeiro','Rio de Janeiro','22010010',FALSE,131)
INSERT INTO ENDERECO VALUES(131,'Rua Gustavo Sampaio, 710','apto 2103','Leme','Rio de janeiro','Rio de Janeiro','22010010',FALSE,132)
INSERT INTO ENDERECO VALUES(132,'Rua Gustavo Sampaio, 710','apto 2104','Leme','Rio de janeiro','Rio de Janeiro','22010010',FALSE,133)
INSERT INTO ENDERECO VALUES(133,'Rua Gustavo Sampaio 710 ','apto 2105','Leme','Rio de janeiro','Rio de Janeiro','22010010',FALSE,134)
INSERT INTO ENDERECO VALUES(134,'Rua Gustavo Sampaio, 710','apto 2201','Leme','Rio de janeiro','Rio de Janeiro','22010010',FALSE,135)
INSERT INTO ENDERECO VALUES(135,'Rua Gustavo Sampaio, 710','apto 2202','Leme','Rio de janeiro','Rio de Janeiro','22010010',FALSE,136)
INSERT INTO ENDERECO VALUES(136,'Rua Gustavo Sampaio, 710','apto 2203','Leme','Rio de Janeiro','Rio de Janeiro','22010010',FALSE,137)
INSERT INTO ENDERECO VALUES(137,'Rua Gustavo Sampaio, 710','apto 2204','Leme','Rio de Janeiro','Rio de Janeiro','22010010',FALSE,138)
INSERT INTO ENDERECO VALUES(138,'Largo Jo\u00e3o A. Albuquerque, 46','apto 201','Pra\u00e7a da Matriz','Porto Alegre','Rio Grande do Sul','22010010',TRUE,139)
INSERT INTO ENDERECO VALUES(139,'Rua Gustavo Sampaio, 710','apto 2301','Leme','Rio de janeiro','Rio de Janeiro','22010010',FALSE,140)
INSERT INTO ENDERECO VALUES(140,'Rua Gustavo Sampaio, 710 ','apto 2302','Leme','Rio de janeiro','Rio de Janeiro','22010010',FALSE,141)
INSERT INTO ENDERECO VALUES(141,'Rua Gustavo Sampaio, 710','apto 2303','leme','Rio de janeiro','Rio de Janeiro','22010010',FALSE,142)
INSERT INTO ENDERECO VALUES(142,'Rua Gustavo Sampaio, 710 ','apto 2304','Leme','Rio de Janeiro','Rio de Janeiro','22010010',FALSE,143)
INSERT INTO ENDERECO VALUES(143,'Av. Almirante tamandar\u00e9, 66','sala 216*/304','Flamengo','Rio de Janeiro','Rio de Janeiro','22010010',TRUE,144)
INSERT INTO ENDERECO VALUES(144,'Av. Ataulfo de Paiva, 50','bl.1 apto.301','Leblon','Rio de Janeiro','Rio de Janeiro','22010010',TRUE,145)
INSERT INTO ENDERECO VALUES(145,'Rua Gustavo Sampaio, 710','apto 2401','Leme','Rio de janeiro','Rio de Janeiro','22010010',FALSE,149)
INSERT INTO ENDERECO VALUES(146,'Rua Gustavo Sampaio, 710','apto 2403','Leme','Rio de janeiro','Rio de Janeiro','22010010',FALSE,146)
INSERT INTO ENDERECO VALUES(147,'Rua Debret, 23','13\u00ba andar','Centro','Rio de Janeiro','Rio de Janeiro','22010010',TRUE,147)
INSERT INTO ENDERECO VALUES(148,'Rua Gustavo Sampaio, 710','apto 2405','Leme','Rio de janeiro','Rio de Janeiro','22010010',FALSE,148)
INSERT INTO ENDERECO VALUES(149,'Rua Gustavo Sampaio, 710','apto. 2501','Leme','Rio de Janeiro','Rio de Janeiro','22010010',FALSE,150)
INSERT INTO ENDERECO VALUES(150,'Rua Gustavo Sampaio, 710','apto. 2502','Leme','Rio de janeiro','Rio de Janeiro','22010010',FALSE,151)
INSERT INTO ENDERECO VALUES(151,'Rua Gustavo Sampaio, 710','apto 2504','Leme','Rio de janeiro','Rio de Janeiro','22010010',FALSE,152)
INSERT INTO ENDERECO VALUES(152,'Rua Gustavo Sampaio, 710','apto 2505','Leme','Rio de janeiro','Rio de Janeiro','22010010',FALSE,153)
INSERT INTO ENDERECO VALUES(153,'Rua Gustavo Sampaio, 710','apto 2601','Leme','Rio de Janeiro','Rio de Janeiro','22010010',FALSE,154)
INSERT INTO ENDERECO VALUES(154,'Rua Gustavo Sampaio, 710','Apto 2602','Leme','Rio de Janeiro','Rio de Janeiro','22010010',FALSE,155)
INSERT INTO ENDERECO VALUES(155,'Rua Gustavo Sampaio, 710 ','apto 2603','Leme','Rio de janeiro','Rio de Janeiro','22010010',FALSE,156)
INSERT INTO ENDERECO VALUES(156,'Rua Paula Frassinetti, 116','apto. 201','Rio Comprido','Rio de janeiro','Rio de Janeiro','22010010',TRUE,157)
INSERT INTO ENDERECO VALUES(157,'Rua Gustavo Sampaio, 710','apo 2605','Leme','Rio de janeiro','Rio de Janeiro','22010010',FALSE,158)
INSERT INTO ENDERECO VALUES(158,'Rua Gustavo Sampaio, 710','apto 2701','Leme','Rio de janeiro','Rio de Janeiro','22010010',FALSE,159)
INSERT INTO ENDERECO VALUES(159,'Rua Gustavo Sampaio, 710','apto 2702','Leme','Rio de Janeiro','Rio de Janeiro','22010010',FALSE,160)
INSERT INTO ENDERECO VALUES(160,'Rua Gustavo Sampaio, 710','apto 2703','Leme','Rio de janeiro','Rio de Janeiro','22010010',FALSE,161)
INSERT INTO ENDERECO VALUES(161,'Rua Gustavo Sampaio, 710 ','apto 2704','Leme','Rio de Janeiro','Rio de Janeiro','22010010',FALSE,162)
INSERT INTO ENDERECO VALUES(162,'Rua Gustavo Sampaio, 710','apto 2705','Leme','Rio de Janeiro','Rio de Janeiro','22010010',FALSE,163)
INSERT INTO ENDERECO VALUES(163,'Rua Gustaavo Sampaio, 710','apto 2801','Leme','Rio de Janeiro','Rio de Janeiro','22010010',FALSE,164)
INSERT INTO ENDERECO VALUES(164,'Rua  Gustavo Sampaio, 71o','apto 2802','Leme','Rio de Janeiro','Rio de Janeiro','22010010',FALSE,165)
INSERT INTO ENDERECO VALUES(165,'Rua Gustavo Sampaio, 710','apto 2803','Leme','Rio de janeiro','Rio de Janeiro','22010010',FALSE,166)
INSERT INTO ENDERECO VALUES(166,'Rua Gustavo Sampaio, 710 ','apto 2804','Leme','Rio de Janeiro','Rio de Janeiro','22010010',FALSE,167)
INSERT INTO ENDERECO VALUES(167,'Rua Gustavo Sampaio, 710','apto 2805','Leme','Rio de Janeiro','Rio de Janeiro','22010010',FALSE,168)
INSERT INTO ENDERECO VALUES(168,'Rua Gustavo Sampaio, 710','apto. 101','Leme','Rio de Janeiro','Rio de Janeiro','22010010',TRUE,33)
INSERT INTO ENDERECO VALUES(169,'Rua Gustavo Sampaio, 710','apto. 603','Leme','Rio de Janeiro','Rio de Janeiro','22010010',TRUE,58)
INSERT INTO ENDERECO VALUES(170,'Rua Gustavo Sampaio, 710','apto. 704','Leme','Rio de Janeiro','Rio de Janeiro','22010010',TRUE,179)
INSERT INTO ENDERECO VALUES(171,'Rua Gustavo Sampaio, 710''','apto 2101','Leme','Rio de Janeiro','Rio de Janeiro','22010010',FALSE,130)
INSERT INTO ENDERECO VALUES(172,'Rua Gustavo Sampaio','apto. 2503','Leme','Rio de Janeiro','Rio de Janeiro','22010010',FALSE,180)
INSERT INTO ENDERECO VALUES(173,'Rua Gustavo Sampaio','apto. 2503','Leme','Rio de Janeiro','Rio de Janeiro','22010010',FALSE,180)
SET AUTOCOMMIT TRUE
